#
# A fatal error has been detected by the Java Runtime Environment:
#
#  SIGSEGV (0xb) at pc=0x00000001097f22c1, pid=494, tid=9475
#
# JRE version: Java(TM) SE Runtime Environment (7.0_79-b15) (build 1.7.0_79-b15)
# Java VM: Java HotSpot(TM) 64-Bit Server VM (24.79-b02 mixed mode bsd-amd64 compressed oops)
# Problematic frame:
# V  [libjvm.dylib+0x1f22c1]
#
# Failed to write core dump. Core dumps have been disabled. To enable core dumping, try "ulimit -c unlimited" before starting Java again
#
# If you would like to submit a bug report, please visit:
#   http://bugreport.java.com/bugreport/crash.jsp
#

---------------  T H R E A D  ---------------

Current thread (0x00007fef42010000):  GCTaskThread [stack: 0x0000000152a87000,0x0000000152b87000] [id=9475]

siginfo:si_signo=SIGSEGV: si_errno=0, si_code=1 (SEGV_MAPERR), si_addr=0x0000000400001468

Registers:
RAX=0x0000000109d7c8f0, RBX=0x00007fef4140ee20, RCX=0x0000000000654303, RDX=0x00000000032a1c01
RSP=0x0000000152b86c50, RBP=0x0000000152b86c50, RSI=0x000000012680e428, RDI=0x0000000400001450
R8 =0x000000000000032a, R9 =0x0000000000008b5f, R10=0x8120024000000000, R11=0x0000000000000002
R12=0x000000012680def4, R13=0x000000012680def8, R14=0x000000012680e428, R15=0x000000010d7fc308
RIP=0x00000001097f22c1, EFLAGS=0x0000000000010206, ERR=0x0000000000000004
  TRAPNO=0x000000000000000e

Top of Stack: (sp=0x0000000152b86c50)
0x0000000152b86c50:   0000000152b86c80 00000001097c5974
0x0000000152b86c60:   0000000152b86cd0 00007fef4140ee20
0x0000000152b86c70:   000000010d7fc308 000000010d7fc308
0x0000000152b86c80:   0000000152b86cd0 00000001098a551d
0x0000000152b86c90:   00007fef4140ee20 000000012680dee0
0x0000000152b86ca0:   000000010d7fc310 00007fef4140ee20
0x0000000152b86cb0:   000000012680dee0 0000000109d7c8f0
0x0000000152b86cc0:   00007fef4140ee28 0000000109d7c8f0
0x0000000152b86cd0:   0000000152b86d50 0000000109a51508
0x0000000152b86ce0:   00007fef4140ee60 00007fef4140eea8
0x0000000152b86cf0:   00007fef4140eee0 000000010d6acd70
0x0000000152b86d00:   0000000152b86d50 00000001098a551d
0x0000000152b86d10:   0000000152b86d50 0000000116ab2e28
0x0000000152b86d20:   000000010d6acd78 0000000000000002
0x0000000152b86d30:   0000000152b86d80 0000000109d7c8f0
0x0000000152b86d40:   00007fef4140ee20 0000000152b86d6c
0x0000000152b86d50:   0000000152b86db0 0000000109a44d61
0x0000000152b86d60:   00007fef43517610 11ad29440986d7a7
0x0000000152b86d70:   00000001199b54a0 0000000000000200
0x0000000152b86d80:   0000000116ab2e28 00007fef42010000
0x0000000152b86d90:   0000000000000000 0000000109b7cc9a
0x0000000152b86da0:   00007fef43517610 0000000000000001
0x0000000152b86db0:   0000000152b86e90 000000010986dca3
0x0000000152b86dc0:   0000000152b86df0 00007fef4140c600
0x0000000152b86dd0:   00007fef4140c630 00007fef4140c640
0x0000000152b86de0:   00007fef4140ca18 00000000000003d8
0x0000000152b86df0:   00007fef42010000 00007fef4140ca20
0x0000000152b86e00:   00007fef4140ca50 00007fef4140ca60
0x0000000152b86e10:   00007fef4140ce38 00000000000003d8
0x0000000152b86e20:   0000000152b86e30 0000000000000000
0x0000000152b86e30:   00007fef42010000 00007fef4140ca20
0x0000000152b86e40:   00007fef4140ca50 00007fef4140ca60 

Instructions: (pc=0x00000001097f22c1)
0x00000001097f22a1:   84 d2 48 89 fe 74 15 48 8d 05 41 a6 58 00 8a 48
0x00000001097f22b1:   08 8b 7e 08 48 d3 e7 48 03 38 eb 04 48 8b 7e 08
0x00000001097f22c1:   8b 47 18 48 83 c7 10 85 c0 7e 09 a8 01 75 4e c1
0x00000001097f22d1:   f8 03 eb 47 85 c0 7f 43 85 c0 79 41 84 d2 0f 94 

Register to memory mapping:

RAX=0x0000000109d7c8f0: _ZN8Universe11_narrow_oopE+0 in /Library/Java/JavaVirtualMachines/jdk1.7.0_79.jdk/Contents/Home/jre/lib/server/libjvm.dylib at 0x0000000109600000
RBX=0x00007fef4140ee20 is an unknown value
RCX=0x0000000000654303 is an unknown value
RDX=0x00000000032a1c01 is an unknown value
RSP=0x0000000152b86c50 is an unknown value
RBP=0x0000000152b86c50 is an unknown value
RSI=
[error occurred during error reporting (printing register info), id 0xb]

Stack: [0x0000000152a87000,0x0000000152b87000],  sp=0x0000000152b86c50,  free space=1023k
Native frames: (J=compiled Java code, j=interpreted, Vv=VM code, C=native code)
V  [libjvm.dylib+0x1f22c1]
V  [libjvm.dylib+0x1c5974]
V  [libjvm.dylib+0x2a551d]
V  [libjvm.dylib+0x451508]
V  [libjvm.dylib+0x444d61]
V  [libjvm.dylib+0x26dca3]
V  [libjvm.dylib+0x421c4e]
C  [libsystem_pthread.dylib+0x3268]  _pthread_body+0x83
C  [libsystem_pthread.dylib+0x31e5]  _pthread_body+0x0
C  [libsystem_pthread.dylib+0x141d]  thread_start+0xd


---------------  P R O C E S S  ---------------

Java Threads: ( => current thread )
  0x00007fef42042800 JavaThread "Service Thread" daemon [_thread_blocked, id=17667, stack(0x0000000158330000,0x0000000158430000)]
  0x00007fef42042000 JavaThread "C2 CompilerThread1" daemon [_thread_blocked, id=17155, stack(0x000000015822d000,0x000000015832d000)]
  0x00007fef41857000 JavaThread "C2 CompilerThread0" daemon [_thread_blocked, id=16643, stack(0x000000015812a000,0x000000015822a000)]
  0x00007fef42027000 JavaThread "Signal Dispatcher" daemon [_thread_blocked, id=13331, stack(0x0000000158027000,0x0000000158127000)]
  0x00007fef42018800 JavaThread "Finalizer" daemon [_thread_blocked, id=11523, stack(0x0000000156606000,0x0000000156706000)]
  0x00007fef41847000 JavaThread "Reference Handler" daemon [_thread_blocked, id=11011, stack(0x0000000156503000,0x0000000156603000)]
  0x00007fef42003000 JavaThread "main" [_thread_blocked, id=4867, stack(0x000000010a064000,0x000000010a164000)]

Other Threads:
  0x00007fef42018000 VMThread [stack: 0x0000000156400000,0x0000000156500000] [id=10499]
  0x00007fef42026800 WatcherThread [stack: 0x0000000158433000,0x0000000158533000] [id=18179]

=>0x00007fef42010000 (exited) GCTaskThread [stack: 0x0000000152a87000,0x0000000152b87000] [id=9475]

VM state:at safepoint (normal execution)

VM Mutex/Monitor currently owned by a thread:  ([mutex/lock_event])
[0x00007fef4151fac0] Threads_lock - owner thread: 0x00007fef42018000
[0x00007fef4151ffc0] Heap_lock - owner thread: 0x00007fef42003000

Heap
 PSYoungGen      total 233472K, used 65002K [0x000000013cf80000, 0x0000000152500000, 0x0000000152500000)
  eden space 117248K, 0% used [0x000000013cf80000,0x000000013cf80000,0x0000000144200000)
  from space 116224K, 55% used [0x0000000144200000,0x000000014817a9e8,0x000000014b380000)
  to   space 116224K, 0% used [0x000000014b380000,0x000000014b380000,0x0000000152500000)
 ParOldGen       total 698880K, used 672633K [0x0000000112500000, 0x000000013cf80000, 0x000000013cf80000)
  object space 698880K, 96% used [0x0000000112500000,0x000000013b5de460,0x000000013cf80000)
 PSPermGen       total 21504K, used 5936K [0x000000010d300000, 0x000000010e800000, 0x0000000112500000)
  object space 21504K, 27% used [0x000000010d300000,0x000000010d8cc150,0x000000010e800000)

Card table byte_map: [0x0000000152500000,0x000000015272a000] byte_map_base: 0x0000000151c96800

Polling page: 0x0000000108dff000

Code Cache  [0x000000010a178000, 0x000000010a548000, 0x000000010d178000)
 total_blobs=1362 nmethods=1136 adapters=180 free_code_cache=45333Kb largest_free_block=46343872

Compilation events (10 events):
Event: 33.425 Thread 0x00007fef42042000 nmethod 1174 0x000000010a452a90 code [0x000000010a452be0, 0x000000010a452df8]
Event: 33.479 Thread 0x00007fef41857000 nmethod 1172 0x000000010a53a3d0 code [0x000000010a53a800, 0x000000010a53d870]
Event: 33.739 Thread 0x00007fef42042000 1175             com.android.dx.ssa.DomFront$DomInfo::<init> (10 bytes)
Event: 33.739 Thread 0x00007fef42042000 nmethod 1175 0x000000010a5299d0 code [0x000000010a529b00, 0x000000010a529b58]
Event: 33.739 Thread 0x00007fef41857000 1176 %           com.android.dx.ssa.DomFront::<init> @ 35 (60 bytes)
Event: 33.742 Thread 0x00007fef41857000 nmethod 1176% 0x000000010a533650 code [0x000000010a5337c0, 0x000000010a533a58]
Event: 33.757 Thread 0x00007fef42042000 1177 %           com.android.dx.ssa.SsaConverter::placePhiFunctions @ 131 (394 bytes)
Event: 33.855 Thread 0x00007fef42042000 nmethod 1177% 0x000000010a5409d0 code [0x000000010a540da0, 0x000000010a542cc0]
Event: 33.965 Thread 0x00007fef41857000 1178             java.lang.Integer::intValue (5 bytes)
Event: 33.965 Thread 0x00007fef41857000 nmethod 1178 0x000000010a519250 code [0x000000010a519380, 0x000000010a5193d8]

GC Heap History (10 events):
Event: 34.232 GC heap after
Heap after GC invocations=42 (full 5):
 PSYoungGen      total 229888K, used 60032K [0x000000013cf80000, 0x0000000152180000, 0x0000000152500000)
  eden space 119808K, 0% used [0x000000013cf80000,0x000000013cf80000,0x0000000144480000)
  from space 110080K, 54% used [0x0000000144480000,0x0000000147f203d0,0x000000014b000000)
  to   space 109568K, 0% used [0x000000014b680000,0x000000014b680000,0x0000000152180000)
 ParOldGen       total 698880K, used 642833K [0x0000000112500000, 0x000000013cf80000, 0x000000013cf80000)
  object space 698880K, 91% used [0x0000000112500000,0x00000001398c47e8,0x000000013cf80000)
 PSPermGen       total 21504K, used 5936K [0x000000010d300000, 0x000000010e800000, 0x0000000112500000)
  object space 21504K, 27% used [0x000000010d300000,0x000000010d8cc150,0x000000010e800000)
}
Event: 34.647 GC heap before
{Heap before GC invocations=43 (full 5):
 PSYoungGen      total 229888K, used 179840K [0x000000013cf80000, 0x0000000152180000, 0x0000000152500000)
  eden space 119808K, 100% used [0x000000013cf80000,0x0000000144480000,0x0000000144480000)
  from space 110080K, 54% used [0x0000000144480000,0x0000000147f203d0,0x000000014b000000)
  to   space 109568K, 0% used [0x000000014b680000,0x000000014b680000,0x0000000152180000)
 ParOldGen       total 698880K, used 642833K [0x0000000112500000, 0x000000013cf80000, 0x000000013cf80000)
  object space 698880K, 91% used [0x0000000112500000,0x00000001398c47e8,0x000000013cf80000)
 PSPermGen       total 21504K, used 5936K [0x000000010d300000, 0x000000010e800000, 0x0000000112500000)
  object space 21504K, 27% used [0x000000010d300000,0x000000010d8cc150,0x000000010e800000)
Event: 34.696 GC heap after
Heap after GC invocations=43 (full 5):
 PSYoungGen      total 233984K, used 69028K [0x000000013cf80000, 0x0000000152500000, 0x0000000152500000)
  eden space 124416K, 0% used [0x000000013cf80000,0x000000013cf80000,0x0000000144900000)
  from space 109568K, 63% used [0x000000014b680000,0x000000014f9e9258,0x0000000152180000)
  to   space 112128K, 0% used [0x0000000144900000,0x0000000144900000,0x000000014b680000)
 ParOldGen       total 698880K, used 642833K [0x0000000112500000, 0x000000013cf80000, 0x000000013cf80000)
  object space 698880K, 91% used [0x0000000112500000,0x00000001398c47e8,0x000000013cf80000)
 PSPermGen       total 21504K, used 5936K [0x000000010d300000, 0x000000010e800000, 0x0000000112500000)
  object space 21504K, 27% used [0x000000010d300000,0x000000010d8cc150,0x000000010e800000)
}
Event: 35.150 GC heap before
{Heap before GC invocations=44 (full 5):
 PSYoungGen      total 233984K, used 193444K [0x000000013cf80000, 0x0000000152500000, 0x0000000152500000)
  eden space 124416K, 100% used [0x000000013cf80000,0x0000000144900000,0x0000000144900000)
  from space 109568K, 63% used [0x000000014b680000,0x000000014f9e9258,0x0000000152180000)
  to   space 112128K, 0% used [0x0000000144900000,0x0000000144900000,0x000000014b680000)
 ParOldGen       total 698880K, used 642833K [0x0000000112500000, 0x000000013cf80000, 0x000000013cf80000)
  object space 698880K, 91% used [0x0000000112500000,0x00000001398c47e8,0x000000013cf80000)
 PSPermGen       total 21504K, used 5936K [0x000000010d300000, 0x000000010e800000, 0x0000000112500000)
  object space 21504K, 27% used [0x000000010d300000,0x000000010d8cc150,0x000000010e800000)
Event: 35.210 GC heap after
Heap after GC invocations=44 (full 5):
 PSYoungGen      total 204288K, used 79533K [0x000000013cf80000, 0x0000000152500000, 0x0000000152500000)
  eden space 124416K, 0% used [0x000000013cf80000,0x000000013cf80000,0x0000000144900000)
  from space 79872K, 99% used [0x0000000144900000,0x00000001496ab728,0x0000000149700000)
  to   space 116224K, 0% used [0x000000014b380000,0x000000014b380000,0x0000000152500000)
 ParOldGen       total 698880K, used 642833K [0x0000000112500000, 0x000000013cf80000, 0x000000013cf80000)
  object space 698880K, 91% used [0x0000000112500000,0x00000001398c47e8,0x000000013cf80000)
 PSPermGen       total 21504K, used 5936K [0x000000010d300000, 0x000000010e800000, 0x0000000112500000)
  object space 21504K, 27% used [0x000000010d300000,0x000000010d8cc150,0x000000010e800000)
}
Event: 35.616 GC heap before
{Heap before GC invocations=45 (full 5):
 PSYoungGen      total 204288K, used 203949K [0x000000013cf80000, 0x0000000152500000, 0x0000000152500000)
  eden space 124416K, 100% used [0x000000013cf80000,0x0000000144900000,0x0000000144900000)
  from space 79872K, 99% used [0x0000000144900000,0x00000001496ab728,0x0000000149700000)
  to   space 116224K, 0% used [0x000000014b380000,0x000000014b380000,0x0000000152500000)
 ParOldGen       total 698880K, used 642833K [0x0000000112500000, 0x000000013cf80000, 0x000000013cf80000)
  object space 698880K, 91% used [0x0000000112500000,0x00000001398c47e8,0x000000013cf80000)
 PSPermGen       total 21504K, used 5936K [0x000000010d300000, 0x000000010e800000, 0x0000000112500000)
  object space 21504K, 27% used [0x000000010d300000,0x000000010d8cc150,0x000000010e800000)
Event: 35.686 GC heap after
Heap after GC invocations=45 (full 5):
 PSYoungGen      total 233472K, used 73888K [0x000000013cf80000, 0x0000000152500000, 0x0000000152500000)
  eden space 117248K, 0% used [0x000000013cf80000,0x000000013cf80000,0x0000000144200000)
  from space 116224K, 63% used [0x000000014b380000,0x000000014fba8228,0x0000000152500000)
  to   space 116224K, 0% used [0x0000000144200000,0x0000000144200000,0x000000014b380000)
 ParOldGen       total 698880K, used 656300K [0x0000000112500000, 0x000000013cf80000, 0x000000013cf80000)
  object space 698880K, 93% used [0x0000000112500000,0x000000013a5eb100,0x000000013cf80000)
 PSPermGen       total 21504K, used 5936K [0x000000010d300000, 0x000000010e800000, 0x0000000112500000)
  object space 21504K, 27% used [0x000000010d300000,0x000000010d8cc150,0x000000010e800000)
}
Event: 36.155 GC heap before
{Heap before GC invocations=46 (full 5):
 PSYoungGen      total 233472K, used 191136K [0x000000013cf80000, 0x0000000152500000, 0x0000000152500000)
  eden space 117248K, 100% used [0x000000013cf80000,0x0000000144200000,0x0000000144200000)
  from space 116224K, 63% used [0x000000014b380000,0x000000014fba8228,0x0000000152500000)
  to   space 116224K, 0% used [0x0000000144200000,0x0000000144200000,0x000000014b380000)
 ParOldGen       total 698880K, used 656300K [0x0000000112500000, 0x000000013cf80000, 0x000000013cf80000)
  object space 698880K, 93% used [0x0000000112500000,0x000000013a5eb100,0x000000013cf80000)
 PSPermGen       total 21504K, used 5936K [0x000000010d300000, 0x000000010e800000, 0x0000000112500000)
  object space 21504K, 27% used [0x000000010d300000,0x000000010d8cc150,0x000000010e800000)
Event: 36.219 GC heap after
Heap after GC invocations=46 (full 5):
 PSYoungGen      total 233472K, used 65002K [0x000000013cf80000, 0x0000000152500000, 0x0000000152500000)
  eden space 117248K, 0% used [0x000000013cf80000,0x000000013cf80000,0x0000000144200000)
  from space 116224K, 55% used [0x0000000144200000,0x000000014817a9e8,0x000000014b380000)
  to   space 116224K, 0% used [0x000000014b380000,0x000000014b380000,0x0000000152500000)
 ParOldGen       total 698880K, used 672633K [0x0000000112500000, 0x000000013cf80000, 0x000000013cf80000)
  object space 698880K, 96% used [0x0000000112500000,0x000000013b5de460,0x000000013cf80000)
 PSPermGen       total 21504K, used 5936K [0x000000010d300000, 0x000000010e800000, 0x0000000112500000)
  object space 21504K, 27% used [0x000000010d300000,0x000000010d8cc150,0x000000010e800000)
}
Event: 36.219 GC heap before
{Heap before GC invocations=47 (full 6):
 PSYoungGen      total 233472K, used 65002K [0x000000013cf80000, 0x0000000152500000, 0x0000000152500000)
  eden space 117248K, 0% used [0x000000013cf80000,0x000000013cf80000,0x0000000144200000)
  from space 116224K, 55% used [0x0000000144200000,0x000000014817a9e8,0x000000014b380000)
  to   space 116224K, 0% used [0x000000014b380000,0x000000014b380000,0x0000000152500000)
 ParOldGen       total 698880K, used 672633K [0x0000000112500000, 0x000000013cf80000, 0x000000013cf80000)
  object space 698880K, 96% used [0x0000000112500000,0x000000013b5de460,0x000000013cf80000)
 PSPermGen       total 21504K, used 5936K [0x000000010d300000, 0x000000010e800000, 0x0000000112500000)
  object space 21504K, 27% used [0x000000010d300000,0x000000010d8cc150,0x000000010e800000)

Deoptimization events (10 events):
Event: 32.296 Thread 0x00007fef42003000 Uncommon trap: reason=class_check action=maybe_recompile pc=0x000000010a3a5440 method=com.android.dx.util.BitIntSet.merge(Lcom/android/dx/util/IntSet;)V @ 1
Event: 32.296 Thread 0x00007fef42003000 Uncommon trap: reason=class_check action=maybe_recompile pc=0x000000010a35f480 method=com.android.dx.ssa.back.InterferenceGraph.mergeInterferenceSet(ILcom/android/dx/util/IntSet;)V @ 20
Event: 32.297 Thread 0x00007fef42003000 Uncommon trap: reason=class_check action=maybe_recompile pc=0x000000010a3a5440 method=com.android.dx.util.BitIntSet.merge(Lcom/android/dx/util/IntSet;)V @ 1
Event: 32.300 Thread 0x00007fef42003000 Uncommon trap: reason=class_check action=maybe_recompile pc=0x000000010a321974 method=com.android.dx.ssa.back.InterferenceGraph.mergeInterferenceSet(ILcom/android/dx/util/IntSet;)V @ 20
Event: 32.300 Thread 0x00007fef42003000 Uncommon trap: reason=class_check action=maybe_recompile pc=0x000000010a3a5440 method=com.android.dx.util.BitIntSet.merge(Lcom/android/dx/util/IntSet;)V @ 1
Event: 32.300 Thread 0x00007fef42003000 Uncommon trap: reason=class_check action=maybe_recompile pc=0x000000010a35f480 method=com.android.dx.ssa.back.InterferenceGraph.mergeInterferenceSet(ILcom/android/dx/util/IntSet;)V @ 20
Event: 32.300 Thread 0x00007fef42003000 Uncommon trap: reason=class_check action=maybe_recompile pc=0x000000010a3a5bbc method=com.android.dx.ssa.back.InterferenceGraph.mergeInterferenceSet(ILcom/android/dx/util/IntSet;)V @ 20
Event: 32.656 Thread 0x00007fef42003000 Uncommon trap: reason=class_check action=maybe_recompile pc=0x000000010a2434c8 method=com.android.dx.ssa.SsaConverter.placePhiFunctions(Lcom/android/dx/ssa/SsaMethod;Lcom/android/dx/ssa/LocalVariableInfo;I)V @ 257
Event: 32.734 Thread 0x00007fef42003000 Uncommon trap: reason=predicate action=maybe_recompile pc=0x000000010a315114 method=com.android.dx.ssa.back.InterferenceGraph.<init>(I)V @ 23
Event: 33.139 Thread 0x00007fef42003000 Uncommon trap: reason=class_check action=maybe_recompile pc=0x000000010a2434c8 method=com.android.dx.ssa.SsaConverter.placePhiFunctions(Lcom/android/dx/ssa/SsaMethod;Lcom/android/dx/ssa/LocalVariableInfo;I)V @ 257

Internal exceptions (10 events):
Event: 10.287 Thread 0x00007fef42003000 Implicit null exception at 0x000000010a4928f7 to 0x000000010a494f55
Event: 10.335 Thread 0x00007fef42003000 Threw 0x000000013f570ce8 at /HUDSON/workspace/7u-2-build-macosx-x86_64/jdk7u79/2331/hotspot/src/share/vm/prims/jvm.cpp:1304
Event: 12.907 Thread 0x00007fef42003000 Threw 0x000000014851ee20 at /HUDSON/workspace/7u-2-build-macosx-x86_64/jdk7u79/2331/hotspot/src/share/vm/prims/jvm.cpp:1304
Event: 14.758 Thread 0x00007fef42003000 Implicit null exception at 0x000000010a517f7d to 0x000000010a5192e5
Event: 18.213 Thread 0x00007fef42003000 Threw 0x00000001416b8398 at /HUDSON/workspace/7u-2-build-macosx-x86_64/jdk7u79/2331/hotspot/src/share/vm/prims/jvm.cpp:1304
Event: 18.219 Thread 0x00007fef42003000 Threw 0x00000001416fec60 at /HUDSON/workspace/7u-2-build-macosx-x86_64/jdk7u79/2331/hotspot/src/share/vm/prims/jvm.cpp:1304
Event: 25.513 Thread 0x00007fef42003000 Implicit null exception at 0x000000010a2e6dda to 0x000000010a2e6f89
Event: 25.513 Thread 0x00007fef42003000 Implicit null exception at 0x000000010a2cc47b to 0x000000010a2cd149
Event: 25.569 Thread 0x00007fef42003000 Implicit null exception at 0x000000010a249766 to 0x000000010a2498f9
Event: 25.569 Thread 0x00007fef42003000 Implicit null exception at 0x000000010a23c039 to 0x000000010a23c15d

Events (10 events):
Event: 33.842 Executing VM operation: ParallelGCFailedAllocation done
Event: 34.191 Executing VM operation: ParallelGCFailedAllocation
Event: 34.232 Executing VM operation: ParallelGCFailedAllocation done
Event: 34.647 Executing VM operation: ParallelGCFailedAllocation
Event: 34.696 Executing VM operation: ParallelGCFailedAllocation done
Event: 35.150 Executing VM operation: ParallelGCFailedAllocation
Event: 35.210 Executing VM operation: ParallelGCFailedAllocation done
Event: 35.616 Executing VM operation: ParallelGCFailedAllocation
Event: 35.686 Executing VM operation: ParallelGCFailedAllocation done
Event: 36.155 Executing VM operation: ParallelGCFailedAllocation


Dynamic libraries:
0x00000000023dc000 	/System/Library/Frameworks/Cocoa.framework/Versions/A/Cocoa
0x00000000023dc000 	/System/Library/Frameworks/Security.framework/Versions/A/Security
0x00000000023dc000 	/System/Library/Frameworks/ApplicationServices.framework/Versions/A/ApplicationServices
0x00000000023dc000 	/usr/lib/libz.1.dylib
0x00000000023dc000 	/usr/lib/libSystem.B.dylib
0x00000000023dc000 	/usr/lib/libobjc.A.dylib
0x00000000023dc000 	/System/Library/Frameworks/CoreFoundation.framework/Versions/A/CoreFoundation
0x00000000023dc000 	/System/Library/Frameworks/Foundation.framework/Versions/C/Foundation
0x00000000023dc000 	/System/Library/Frameworks/AppKit.framework/Versions/C/AppKit
0x00000000023dc000 	/System/Library/Frameworks/CoreData.framework/Versions/A/CoreData
0x00000000023dc000 	/System/Library/PrivateFrameworks/RemoteViewServices.framework/Versions/A/RemoteViewServices
0x00000000023dc000 	/System/Library/PrivateFrameworks/UIFoundation.framework/Versions/A/UIFoundation
0x00000000023dc000 	/System/Library/Frameworks/IOSurface.framework/Versions/A/IOSurface
0x00000000023dc000 	/System/Library/Frameworks/AudioToolbox.framework/Versions/A/AudioToolbox
0x00000000023dc000 	/System/Library/Frameworks/AudioUnit.framework/Versions/A/AudioUnit
0x00000000023dc000 	/System/Library/PrivateFrameworks/DataDetectorsCore.framework/Versions/A/DataDetectorsCore
0x00000000023dc000 	/System/Library/PrivateFrameworks/DesktopServicesPriv.framework/Versions/A/DesktopServicesPriv
0x00000000023dc000 	/System/Library/Frameworks/Carbon.framework/Versions/A/Frameworks/HIToolbox.framework/Versions/A/HIToolbox
0x00000000023dc000 	/System/Library/Frameworks/QuartzCore.framework/Versions/A/QuartzCore
0x00000000023dc000 	/System/Library/Frameworks/Carbon.framework/Versions/A/Frameworks/SpeechRecognition.framework/Versions/A/SpeechRecognition
0x00000000023dc000 	/usr/lib/libauto.dylib
0x00000000023dc000 	/usr/lib/libicucore.A.dylib
0x00000000023dc000 	/usr/lib/libxml2.2.dylib
0x00000000023dc000 	/System/Library/PrivateFrameworks/CoreUI.framework/Versions/A/CoreUI
0x00000000023dc000 	/System/Library/Frameworks/CoreAudio.framework/Versions/A/CoreAudio
0x00000000023dc000 	/System/Library/Frameworks/DiskArbitration.framework/Versions/A/DiskArbitration
0x00000000023dc000 	/usr/lib/liblangid.dylib
0x00000000023dc000 	/System/Library/PrivateFrameworks/MultitouchSupport.framework/Versions/A/MultitouchSupport
0x00000000023dc000 	/System/Library/Frameworks/IOKit.framework/Versions/A/IOKit
0x00000000023dc000 	/usr/lib/libDiagnosticMessagesClient.dylib
0x00000000023dc000 	/System/Library/Frameworks/CoreServices.framework/Versions/A/CoreServices
0x00000000023dc000 	/System/Library/PrivateFrameworks/PerformanceAnalysis.framework/Versions/A/PerformanceAnalysis
0x00000000023dc000 	/System/Library/PrivateFrameworks/GenerationalStorage.framework/Versions/A/GenerationalStorage
0x00000000023dc000 	/System/Library/Frameworks/OpenGL.framework/Versions/A/OpenGL
0x00000000023dc000 	/System/Library/PrivateFrameworks/Sharing.framework/Versions/A/Sharing
0x00000000023dc000 	/System/Library/Frameworks/CoreGraphics.framework/Versions/A/CoreGraphics
0x00000000023dc000 	/System/Library/Frameworks/CoreText.framework/Versions/A/CoreText
0x00000000023dc000 	/System/Library/Frameworks/ImageIO.framework/Versions/A/ImageIO
0x00000000023dc000 	/usr/lib/libextension.dylib
0x00000000023dc000 	/System/Library/PrivateFrameworks/Backup.framework/Versions/A/Backup
0x00000000023dc000 	/usr/lib/libarchive.2.dylib
0x00000000023dc000 	/System/Library/Frameworks/CFNetwork.framework/Versions/A/CFNetwork
0x00000000023dc000 	/System/Library/Frameworks/SystemConfiguration.framework/Versions/A/SystemConfiguration
0x00000000023dc000 	/usr/lib/libCRFSuite.dylib
0x00000000023dc000 	/usr/lib/libc++.1.dylib
0x00000000023dc000 	/usr/lib/libc++abi.dylib
0x00000000023dc000 	/usr/lib/system/libcache.dylib
0x00000000023dc000 	/usr/lib/system/libcommonCrypto.dylib
0x00000000023dc000 	/usr/lib/system/libcompiler_rt.dylib
0x00000000023dc000 	/usr/lib/system/libcopyfile.dylib
0x00000000023dc000 	/usr/lib/system/libcorecrypto.dylib
0x00000000023dc000 	/usr/lib/system/libdispatch.dylib
0x00000000023dc000 	/usr/lib/system/libdyld.dylib
0x00000000023dc000 	/usr/lib/system/libkeymgr.dylib
0x00000000023dc000 	/usr/lib/system/liblaunch.dylib
0x00000000023dc000 	/usr/lib/system/libmacho.dylib
0x00000000023dc000 	/usr/lib/system/libquarantine.dylib
0x00000000023dc000 	/usr/lib/system/libremovefile.dylib
0x00000000023dc000 	/usr/lib/system/libsystem_asl.dylib
0x00000000023dc000 	/usr/lib/system/libsystem_blocks.dylib
0x00000000023dc000 	/usr/lib/system/libsystem_c.dylib
0x00000000023dc000 	/usr/lib/system/libsystem_configuration.dylib
0x00000000023dc000 	/usr/lib/system/libsystem_coreservices.dylib
0x00000000023dc000 	/usr/lib/system/libsystem_coretls.dylib
0x00000000023dc000 	/usr/lib/system/libsystem_dnssd.dylib
0x00000000023dc000 	/usr/lib/system/libsystem_info.dylib
0x00000000023dc000 	/usr/lib/system/libsystem_kernel.dylib
0x00000000023dc000 	/usr/lib/system/libsystem_m.dylib
0x00000000023dc000 	/usr/lib/system/libsystem_malloc.dylib
0x00000000023dc000 	/usr/lib/system/libsystem_network.dylib
0x00000000023dc000 	/usr/lib/system/libsystem_networkextension.dylib
0x00000000023dc000 	/usr/lib/system/libsystem_notify.dylib
0x00000000023dc000 	/usr/lib/system/libsystem_platform.dylib
0x00000000023dc000 	/usr/lib/system/libsystem_pthread.dylib
0x00000000023dc000 	/usr/lib/system/libsystem_sandbox.dylib
0x00000000023dc000 	/usr/lib/system/libsystem_secinit.dylib
0x00000000023dc000 	/usr/lib/system/libsystem_stats.dylib
0x00000000023dc000 	/usr/lib/system/libsystem_trace.dylib
0x00000000023dc000 	/usr/lib/system/libunc.dylib
0x00000000023dc000 	/usr/lib/system/libunwind.dylib
0x00000000023dc000 	/usr/lib/system/libxpc.dylib
0x00000000023dc000 	/usr/lib/libbz2.1.0.dylib
0x00000000023dc000 	/usr/lib/liblzma.5.dylib
0x00000000023dc000 	/usr/lib/libbsm.0.dylib
0x00000000023dc000 	/usr/lib/libsqlite3.dylib
0x00000000023dc000 	/usr/lib/system/libkxld.dylib
0x00000000023dc000 	/usr/lib/libxar.1.dylib
0x00000000023dc000 	/usr/lib/libpam.2.dylib
0x00000000023dc000 	/usr/lib/libOpenScriptingUtil.dylib
0x00000000023dc000 	/System/Library/Frameworks/CoreServices.framework/Versions/A/Frameworks/FSEvents.framework/Versions/A/FSEvents
0x00000000023dc000 	/System/Library/Frameworks/CoreServices.framework/Versions/A/Frameworks/CarbonCore.framework/Versions/A/CarbonCore
0x00000000023dc000 	/System/Library/Frameworks/CoreServices.framework/Versions/A/Frameworks/Metadata.framework/Versions/A/Metadata
0x00000000023dc000 	/System/Library/Frameworks/CoreServices.framework/Versions/A/Frameworks/OSServices.framework/Versions/A/OSServices
0x00000000023dc000 	/System/Library/Frameworks/CoreServices.framework/Versions/A/Frameworks/SearchKit.framework/Versions/A/SearchKit
0x00000000023dc000 	/System/Library/Frameworks/CoreServices.framework/Versions/A/Frameworks/AE.framework/Versions/A/AE
0x00000000023dc000 	/System/Library/Frameworks/CoreServices.framework/Versions/A/Frameworks/LaunchServices.framework/Versions/A/LaunchServices
0x00000000023dc000 	/System/Library/Frameworks/CoreServices.framework/Versions/A/Frameworks/DictionaryServices.framework/Versions/A/DictionaryServices
0x00000000023dc000 	/System/Library/Frameworks/NetFS.framework/Versions/A/NetFS
0x00000000023dc000 	/System/Library/PrivateFrameworks/NetAuth.framework/Versions/A/NetAuth
0x00000000023dc000 	/System/Library/PrivateFrameworks/login.framework/Versions/A/Frameworks/loginsupport.framework/Versions/A/loginsupport
0x00000000023dc000 	/System/Library/PrivateFrameworks/TCC.framework/Versions/A/TCC
0x00000000023dc000 	/usr/lib/libmecabra.dylib
0x00000000023dc000 	/System/Library/Frameworks/ApplicationServices.framework/Versions/A/Frameworks/ATS.framework/Versions/A/ATS
0x00000000023dc000 	/System/Library/Frameworks/ApplicationServices.framework/Versions/A/Frameworks/ColorSync.framework/Versions/A/ColorSync
0x00000000023dc000 	/System/Library/Frameworks/ApplicationServices.framework/Versions/A/Frameworks/HIServices.framework/Versions/A/HIServices
0x00000000023dc000 	/System/Library/Frameworks/ApplicationServices.framework/Versions/A/Frameworks/LangAnalysis.framework/Versions/A/LangAnalysis
0x00000000023dc000 	/System/Library/Frameworks/ApplicationServices.framework/Versions/A/Frameworks/PrintCore.framework/Versions/A/PrintCore
0x00000000023dc000 	/System/Library/Frameworks/ApplicationServices.framework/Versions/A/Frameworks/QD.framework/Versions/A/QD
0x00000000023dc000 	/System/Library/Frameworks/ApplicationServices.framework/Versions/A/Frameworks/SpeechSynthesis.framework/Versions/A/SpeechSynthesis
0x00000000023dc000 	/System/Library/Frameworks/Accelerate.framework/Versions/A/Accelerate
0x00000000023dc000 	/System/Library/Frameworks/Accelerate.framework/Versions/A/Frameworks/vImage.framework/Versions/A/vImage
0x00000000023dc000 	/System/Library/Frameworks/Accelerate.framework/Versions/A/Frameworks/vecLib.framework/Versions/A/vecLib
0x00000000023dc000 	/System/Library/Frameworks/Accelerate.framework/Versions/A/Frameworks/vecLib.framework/Versions/A/libvDSP.dylib
0x00000000023dc000 	/System/Library/Frameworks/Accelerate.framework/Versions/A/Frameworks/vecLib.framework/Versions/A/libvMisc.dylib
0x00000000023dc000 	/System/Library/Frameworks/Accelerate.framework/Versions/A/Frameworks/vecLib.framework/Versions/A/libLAPACK.dylib
0x00000000023dc000 	/System/Library/Frameworks/Accelerate.framework/Versions/A/Frameworks/vecLib.framework/Versions/A/libBLAS.dylib
0x00000000023dc000 	/System/Library/Frameworks/Accelerate.framework/Versions/A/Frameworks/vecLib.framework/Versions/A/libLinearAlgebra.dylib
0x00000000023dc000 	/System/Library/Frameworks/ApplicationServices.framework/Versions/A/Frameworks/ATS.framework/Versions/A/Resources/libFontParser.dylib
0x00000000023dc000 	/System/Library/Frameworks/ApplicationServices.framework/Versions/A/Frameworks/ATS.framework/Versions/A/Resources/libFontRegistry.dylib
0x00000000023dc000 	/System/Library/PrivateFrameworks/AppleVPA.framework/Versions/A/AppleVPA
0x00000000023dc000 	/System/Library/PrivateFrameworks/AppleJPEG.framework/Versions/A/AppleJPEG
0x00000000023dc000 	/System/Library/Frameworks/ImageIO.framework/Versions/A/Resources/libJPEG.dylib
0x00000000023dc000 	/System/Library/Frameworks/ImageIO.framework/Versions/A/Resources/libTIFF.dylib
0x00000000023dc000 	/System/Library/Frameworks/ImageIO.framework/Versions/A/Resources/libPng.dylib
0x00000000023dc000 	/System/Library/Frameworks/ImageIO.framework/Versions/A/Resources/libGIF.dylib
0x00000000023dc000 	/System/Library/Frameworks/ImageIO.framework/Versions/A/Resources/libJP2.dylib
0x00000000023dc000 	/System/Library/Frameworks/ImageIO.framework/Versions/A/Resources/libRadiance.dylib
0x00000000023dc000 	/System/Library/Frameworks/CoreVideo.framework/Versions/A/CoreVideo
0x00000000023dc000 	/System/Library/Frameworks/OpenGL.framework/Versions/A/Libraries/libGLU.dylib
0x00000000023dc000 	/System/Library/Frameworks/OpenGL.framework/Versions/A/Libraries/libGFXShared.dylib
0x00000000023dc000 	/System/Library/Frameworks/OpenGL.framework/Versions/A/Libraries/libGL.dylib
0x00000000023dc000 	/System/Library/Frameworks/OpenGL.framework/Versions/A/Libraries/libGLImage.dylib
0x00000000023dc000 	/System/Library/Frameworks/OpenGL.framework/Versions/A/Libraries/libCVMSPluginSupport.dylib
0x00000000023dc000 	/System/Library/Frameworks/OpenGL.framework/Versions/A/Libraries/libCoreVMClient.dylib
0x00000000023dc000 	/usr/lib/libcups.2.dylib
0x00000000023dc000 	/System/Library/Frameworks/Kerberos.framework/Versions/A/Kerberos
0x00000000023dc000 	/System/Library/Frameworks/GSS.framework/Versions/A/GSS
0x00000000023dc000 	/usr/lib/libresolv.9.dylib
0x00000000023dc000 	/usr/lib/libiconv.2.dylib
0x00000000023dc000 	/System/Library/PrivateFrameworks/Heimdal.framework/Versions/A/Heimdal
0x00000000023dc000 	/usr/lib/libheimdal-asn1.dylib
0x00000000023dc000 	/System/Library/Frameworks/OpenDirectory.framework/Versions/A/OpenDirectory
0x00000000023dc000 	/System/Library/PrivateFrameworks/CommonAuth.framework/Versions/A/CommonAuth
0x00000000023dc000 	/System/Library/Frameworks/OpenDirectory.framework/Versions/A/Frameworks/CFOpenDirectory.framework/Versions/A/CFOpenDirectory
0x00000000023dc000 	/System/Library/Frameworks/SecurityFoundation.framework/Versions/A/SecurityFoundation
0x00000000023dc000 	/System/Library/PrivateFrameworks/LanguageModeling.framework/Versions/A/LanguageModeling
0x00000000023dc000 	/usr/lib/libcmph.dylib
0x00000000023dc000 	/System/Library/Frameworks/ServiceManagement.framework/Versions/A/ServiceManagement
0x00000000023dc000 	/usr/lib/libxslt.1.dylib
0x00000000023dc000 	/System/Library/Frameworks/Carbon.framework/Versions/A/Frameworks/Ink.framework/Versions/A/Ink
0x00000000023dc000 	/System/Library/Frameworks/QuartzCore.framework/Versions/A/Frameworks/CoreImage.framework/Versions/A/CoreImage
0x00000000023dc000 	/System/Library/PrivateFrameworks/CrashReporterSupport.framework/Versions/A/CrashReporterSupport
0x00000000023dc000 	/System/Library/Frameworks/OpenCL.framework/Versions/A/OpenCL
0x00000000023dc000 	/System/Library/PrivateFrameworks/FaceCore.framework/Versions/A/FaceCore
0x00000000023dc000 	/System/Library/PrivateFrameworks/Ubiquity.framework/Versions/A/Ubiquity
0x00000000023dc000 	/System/Library/PrivateFrameworks/IconServices.framework/Versions/A/IconServices
0x00000000023dc000 	/System/Library/PrivateFrameworks/ChunkingLibrary.framework/Versions/A/ChunkingLibrary
0x00000000023dc000 	/System/Library/PrivateFrameworks/Apple80211.framework/Versions/A/Apple80211
0x00000000023dc000 	/System/Library/Frameworks/CoreWLAN.framework/Versions/A/CoreWLAN
0x00000000023dc000 	/System/Library/Frameworks/IOBluetooth.framework/Versions/A/IOBluetooth
0x00000000023dc000 	/System/Library/PrivateFrameworks/CoreWiFi.framework/Versions/A/CoreWiFi
0x00000000023dc000 	/System/Library/Frameworks/CoreBluetooth.framework/Versions/A/CoreBluetooth
0x00000000023dc000 	/System/Library/PrivateFrameworks/DebugSymbols.framework/Versions/A/DebugSymbols
0x00000000023dc000 	/System/Library/PrivateFrameworks/CoreSymbolication.framework/Versions/A/CoreSymbolication
0x00000000023dc000 	/System/Library/PrivateFrameworks/Symbolication.framework/Versions/A/Symbolication
0x00000000023dc000 	/System/Library/PrivateFrameworks/SpeechRecognitionCore.framework/Versions/A/SpeechRecognitionCore
0x0000000109600000 	/Library/Java/JavaVirtualMachines/jdk1.7.0_79.jdk/Contents/Home/jre/lib/server/libjvm.dylib
0x00000000023dc000 	/usr/lib/libstdc++.6.dylib
0x0000000108dc2000 	/Library/Java/JavaVirtualMachines/jdk1.7.0_79.jdk/Contents/Home/jre/lib/libverify.dylib
0x0000000108dcf000 	/Library/Java/JavaVirtualMachines/jdk1.7.0_79.jdk/Contents/Home/jre/lib/libjava.dylib
0x000000010a16f000 	/Library/Java/JavaVirtualMachines/jdk1.7.0_79.jdk/Contents/Home/jre/lib/libzip.dylib
0x0000000156708000 	/System/Library/Frameworks/JavaVM.framework/Frameworks/JavaRuntimeSupport.framework/JavaRuntimeSupport
0x0000000156720000 	/System/Library/Frameworks/JavaVM.framework/Versions/A/Frameworks/JavaNativeFoundation.framework/Versions/A/JavaNativeFoundation
0x0000000156735000 	/System/Library/Frameworks/JavaVM.framework/Versions/A/JavaVM
0x00000000023dc000 	/System/Library/Frameworks/Carbon.framework/Versions/A/Carbon
0x0000000156742000 	/System/Library/PrivateFrameworks/JavaLaunching.framework/Versions/A/JavaLaunching
0x00000000023dc000 	/System/Library/Frameworks/Carbon.framework/Versions/A/Frameworks/CommonPanels.framework/Versions/A/CommonPanels
0x00000000023dc000 	/System/Library/Frameworks/Carbon.framework/Versions/A/Frameworks/Help.framework/Versions/A/Help
0x00000000023dc000 	/System/Library/Frameworks/Carbon.framework/Versions/A/Frameworks/ImageCapture.framework/Versions/A/ImageCapture
0x00000000023dc000 	/System/Library/Frameworks/Carbon.framework/Versions/A/Frameworks/OpenScripting.framework/Versions/A/OpenScripting
0x00000000023dc000 	/System/Library/Frameworks/Carbon.framework/Versions/A/Frameworks/Print.framework/Versions/A/Print
0x00000000023dc000 	/System/Library/Frameworks/Carbon.framework/Versions/A/Frameworks/SecurityHI.framework/Versions/A/SecurityHI
0x0000000158752000 	/Library/Java/JavaVirtualMachines/jdk1.7.0_79.jdk/Contents/Home/jre/lib/libnio.dylib
0x0000000158761000 	/Library/Java/JavaVirtualMachines/jdk1.7.0_79.jdk/Contents/Home/jre/lib/./libnet.dylib

VM Arguments:
jvm_args: -Xmx1024M -Dfile.encoding=UTF-8 -Duser.country=US -Duser.language=en -Duser.variant 
java_command: com.android.dx.command.Main --dex --force-jumbo --multi-dex --main-dex-list /Volumes/DATA/Android Development/RotaryHome/app/build/intermediates/multi-dex/debug/maindexlist.txt --output /Volumes/DATA/Android Development/RotaryHome/app/build/intermediates/dex/debug /Volumes/DATA/Android Development/RotaryHome/app/build/intermediates/multi-dex/debug/allclasses.jar
Launcher Type: SUN_STANDARD

Environment Variables:
PATH=/usr/bin:/bin:/usr/sbin:/sbin
SHELL=/bin/bash
DISPLAY=/private/tmp/com.apple.launchd.W4gu92ajRk/org.macosforge.xquartz:0

Signal Handlers:
SIGSEGV: [libjvm.dylib+0x52daf1], sa_mask[0]=0xfffefeff, sa_flags=0x00000043
SIGBUS: [libjvm.dylib+0x52daf1], sa_mask[0]=0xfffefeff, sa_flags=0x00000042
SIGFPE: [libjvm.dylib+0x41f34e], sa_mask[0]=0xfffefeff, sa_flags=0x00000042
SIGPIPE: [libjvm.dylib+0x41f34e], sa_mask[0]=0xfffefeff, sa_flags=0x00000042
SIGXFSZ: [libjvm.dylib+0x41f34e], sa_mask[0]=0xfffefeff, sa_flags=0x00000042
SIGILL: [libjvm.dylib+0x41f34e], sa_mask[0]=0xfffefeff, sa_flags=0x00000042
SIGUSR1: SIG_DFL, sa_mask[0]=0x00000000, sa_flags=0x00000000
SIGUSR2: [libjvm.dylib+0x41ee40], sa_mask[0]=0x00000004, sa_flags=0x00000042
SIGHUP: [libjvm.dylib+0x41d0d1], sa_mask[0]=0xfffefeff, sa_flags=0x00000042
SIGINT: [libjvm.dylib+0x41d0d1], sa_mask[0]=0xfffefeff, sa_flags=0x00000042
SIGTERM: [libjvm.dylib+0x41d0d1], sa_mask[0]=0xfffefeff, sa_flags=0x00000042
SIGQUIT: [libjvm.dylib+0x41d0d1], sa_mask[0]=0xfffefeff, sa_flags=0x00000042


---------------  S Y S T E M  ---------------

OS:Bsduname:Darwin 14.4.0 Darwin Kernel Version 14.4.0: Thu May 28 11:35:04 PDT 2015; root:xnu-2782.30.5~1/RELEASE_X86_64 x86_64
rlimit: STACK 8192k, CORE 0k, NPROC 709, NOFILE 10240, AS infinity
load average:3.76 2.43 1.69

CPU:total 4 (2 cores per cpu, 2 threads per core) family 6 model 42 stepping 7, cmov, cx8, fxsr, mmx, sse, sse2, sse3, ssse3, sse4.1, sse4.2, popcnt, avx, aes, ht, tsc, tscinvbit

Memory: 4k page, physical 6291456k(1572864k free)

/proc/meminfo:


vm_info: Java HotSpot(TM) 64-Bit Server VM (24.79-b02) for bsd-amd64 JRE (1.7.0_79-b15), built on Apr 10 2015 11:35:04 by "java_re" with gcc 4.2.1 (Based on Apple Inc. build 5658) (LLVM build 2336.11.00)

time: Wed Jul  8 13:55:02 2015
elapsed time: 36 seconds

